

Started GET "/" for 127.0.0.1 at 2014-09-07 11:46:47 -0400

ActiveRecord::NoDatabaseError (FATAL:  database "bfrpg_development" does not exist
Run `$ bin/rake db:create db:migrate` to create your database):
  activerecord (4.1.1) lib/active_record/connection_adapters/postgresql_adapter.rb:891:in `rescue in connect'
  activerecord (4.1.1) lib/active_record/connection_adapters/postgresql_adapter.rb:881:in `connect'
  activerecord (4.1.1) lib/active_record/connection_adapters/postgresql_adapter.rb:568:in `initialize'
  activerecord (4.1.1) lib/active_record/connection_adapters/postgresql_adapter.rb:41:in `new'
  activerecord (4.1.1) lib/active_record/connection_adapters/postgresql_adapter.rb:41:in `postgresql_connection'
  activerecord (4.1.1) lib/active_record/connection_adapters/abstract/connection_pool.rb:435:in `new_connection'
  activerecord (4.1.1) lib/active_record/connection_adapters/abstract/connection_pool.rb:445:in `checkout_new_connection'
  activerecord (4.1.1) lib/active_record/connection_adapters/abstract/connection_pool.rb:416:in `acquire_connection'
  activerecord (4.1.1) lib/active_record/connection_adapters/abstract/connection_pool.rb:351:in `block in checkout'
  /Users/jamesjeffers/.rvm/rubies/ruby-2.1.1/lib/ruby/2.1.0/monitor.rb:211:in `mon_synchronize'
  activerecord (4.1.1) lib/active_record/connection_adapters/abstract/connection_pool.rb:350:in `checkout'
  activerecord (4.1.1) lib/active_record/connection_adapters/abstract/connection_pool.rb:265:in `block in connection'
  /Users/jamesjeffers/.rvm/rubies/ruby-2.1.1/lib/ruby/2.1.0/monitor.rb:211:in `mon_synchronize'
  activerecord (4.1.1) lib/active_record/connection_adapters/abstract/connection_pool.rb:264:in `connection'
  activerecord (4.1.1) lib/active_record/connection_adapters/abstract/connection_pool.rb:541:in `retrieve_connection'
  activerecord (4.1.1) lib/active_record/connection_handling.rb:113:in `retrieve_connection'
  activerecord (4.1.1) lib/active_record/connection_handling.rb:87:in `connection'
  activerecord (4.1.1) lib/active_record/query_cache.rb:51:in `restore_query_cache_settings'
  activerecord (4.1.1) lib/active_record/query_cache.rb:43:in `rescue in call'
  activerecord (4.1.1) lib/active_record/query_cache.rb:32:in `call'
  activerecord (4.1.1) lib/active_record/connection_adapters/abstract/connection_pool.rb:621:in `call'
  activerecord (4.1.1) lib/active_record/migration.rb:380:in `call'
  actionpack (4.1.1) lib/action_dispatch/middleware/callbacks.rb:29:in `block in call'
  activesupport (4.1.1) lib/active_support/callbacks.rb:82:in `run_callbacks'
  actionpack (4.1.1) lib/action_dispatch/middleware/callbacks.rb:27:in `call'
  actionpack (4.1.1) lib/action_dispatch/middleware/reloader.rb:73:in `call'
  actionpack (4.1.1) lib/action_dispatch/middleware/remote_ip.rb:76:in `call'
  actionpack (4.1.1) lib/action_dispatch/middleware/debug_exceptions.rb:17:in `call'
  actionpack (4.1.1) lib/action_dispatch/middleware/show_exceptions.rb:30:in `call'
  railties (4.1.1) lib/rails/rack/logger.rb:38:in `call_app'
  railties (4.1.1) lib/rails/rack/logger.rb:20:in `block in call'
  activesupport (4.1.1) lib/active_support/tagged_logging.rb:68:in `block in tagged'
  activesupport (4.1.1) lib/active_support/tagged_logging.rb:26:in `tagged'
  activesupport (4.1.1) lib/active_support/tagged_logging.rb:68:in `tagged'
  railties (4.1.1) lib/rails/rack/logger.rb:20:in `call'
  actionpack (4.1.1) lib/action_dispatch/middleware/request_id.rb:21:in `call'
  rack (1.5.2) lib/rack/methodoverride.rb:21:in `call'
  rack (1.5.2) lib/rack/runtime.rb:17:in `call'
  activesupport (4.1.1) lib/active_support/cache/strategy/local_cache_middleware.rb:26:in `call'
  rack (1.5.2) lib/rack/lock.rb:17:in `call'
  actionpack (4.1.1) lib/action_dispatch/middleware/static.rb:64:in `call'
  rack (1.5.2) lib/rack/sendfile.rb:112:in `call'
  railties (4.1.1) lib/rails/engine.rb:514:in `call'
  railties (4.1.1) lib/rails/application.rb:144:in `call'
  rack (1.5.2) lib/rack/lock.rb:17:in `call'
  rack (1.5.2) lib/rack/content_length.rb:14:in `call'
  rack (1.5.2) lib/rack/handler/webrick.rb:60:in `service'
  /Users/jamesjeffers/.rvm/rubies/ruby-2.1.1/lib/ruby/2.1.0/webrick/httpserver.rb:138:in `service'
  /Users/jamesjeffers/.rvm/rubies/ruby-2.1.1/lib/ruby/2.1.0/webrick/httpserver.rb:94:in `run'
  /Users/jamesjeffers/.rvm/rubies/ruby-2.1.1/lib/ruby/2.1.0/webrick/server.rb:295:in `block in start_thread'


  Rendered /Users/jamesjeffers/.rvm/gems/ruby-2.1.1/gems/actionpack-4.1.1/lib/action_dispatch/middleware/templates/rescues/_source.erb (0.6ms)
  Rendered /Users/jamesjeffers/.rvm/gems/ruby-2.1.1/gems/actionpack-4.1.1/lib/action_dispatch/middleware/templates/rescues/_trace.html.erb (1.1ms)
  Rendered /Users/jamesjeffers/.rvm/gems/ruby-2.1.1/gems/actionpack-4.1.1/lib/action_dispatch/middleware/templates/rescues/_request_and_response.html.erb (0.9ms)
  Rendered /Users/jamesjeffers/.rvm/gems/ruby-2.1.1/gems/actionpack-4.1.1/lib/action_dispatch/middleware/templates/rescues/diagnostics.erb within rescues/layout (19.5ms)
  [1m[36m (31.4ms)[0m  [1mCREATE TABLE "schema_migrations" ("version" character varying(255) NOT NULL) [0m
  [1m[35m (6.2ms)[0m  CREATE UNIQUE INDEX  "unique_schema_migrations" ON "schema_migrations"  ("version")
  [1m[36mActiveRecord::SchemaMigration Load (7.9ms)[0m  [1mSELECT "schema_migrations".* FROM "schema_migrations"[0m


Started GET "/" for 127.0.0.1 at 2014-09-07 11:53:07 -0400
Processing by Rails::WelcomeController#index as HTML
  Rendered /Users/jamesjeffers/.rvm/gems/ruby-2.1.1/gems/railties-4.1.1/lib/rails/templates/rails/welcome/index.html.erb (1.9ms)
Completed 200 OK in 19ms (Views: 9.4ms | ActiveRecord: 0.0ms)


Started GET "/character_generator" for 127.0.0.1 at 2014-09-07 11:54:07 -0400

ActionController::RoutingError (No route matches [GET] "/character_generator"):
  actionpack (4.1.1) lib/action_dispatch/middleware/debug_exceptions.rb:21:in `call'
  actionpack (4.1.1) lib/action_dispatch/middleware/show_exceptions.rb:30:in `call'
  railties (4.1.1) lib/rails/rack/logger.rb:38:in `call_app'
  railties (4.1.1) lib/rails/rack/logger.rb:20:in `block in call'
  activesupport (4.1.1) lib/active_support/tagged_logging.rb:68:in `block in tagged'
  activesupport (4.1.1) lib/active_support/tagged_logging.rb:26:in `tagged'
  activesupport (4.1.1) lib/active_support/tagged_logging.rb:68:in `tagged'
  railties (4.1.1) lib/rails/rack/logger.rb:20:in `call'
  actionpack (4.1.1) lib/action_dispatch/middleware/request_id.rb:21:in `call'
  rack (1.5.2) lib/rack/methodoverride.rb:21:in `call'
  rack (1.5.2) lib/rack/runtime.rb:17:in `call'
  activesupport (4.1.1) lib/active_support/cache/strategy/local_cache_middleware.rb:26:in `call'
  rack (1.5.2) lib/rack/lock.rb:17:in `call'
  actionpack (4.1.1) lib/action_dispatch/middleware/static.rb:64:in `call'
  rack (1.5.2) lib/rack/sendfile.rb:112:in `call'
  railties (4.1.1) lib/rails/engine.rb:514:in `call'
  railties (4.1.1) lib/rails/application.rb:144:in `call'
  rack (1.5.2) lib/rack/lock.rb:17:in `call'
  rack (1.5.2) lib/rack/content_length.rb:14:in `call'
  rack (1.5.2) lib/rack/handler/webrick.rb:60:in `service'
  /Users/jamesjeffers/.rvm/rubies/ruby-2.1.1/lib/ruby/2.1.0/webrick/httpserver.rb:138:in `service'
  /Users/jamesjeffers/.rvm/rubies/ruby-2.1.1/lib/ruby/2.1.0/webrick/httpserver.rb:94:in `run'
  /Users/jamesjeffers/.rvm/rubies/ruby-2.1.1/lib/ruby/2.1.0/webrick/server.rb:295:in `block in start_thread'


  Rendered /Users/jamesjeffers/.rvm/gems/ruby-2.1.1/gems/actionpack-4.1.1/lib/action_dispatch/middleware/templates/rescues/_trace.html.erb (1.1ms)
  Rendered /Users/jamesjeffers/.rvm/gems/ruby-2.1.1/gems/actionpack-4.1.1/lib/action_dispatch/middleware/templates/routes/_table.html.erb (6.9ms)
  Rendered /Users/jamesjeffers/.rvm/gems/ruby-2.1.1/gems/actionpack-4.1.1/lib/action_dispatch/middleware/templates/rescues/routing_error.html.erb within rescues/layout (21.3ms)


Started GET "/" for 127.0.0.1 at 2014-09-07 11:56:10 -0400

LoadError (cannot load such file -- pdf):
  app/controllers/character_generator_controller.rb:1:in `<top (required)>'


  Rendered /Users/jamesjeffers/.rvm/gems/ruby-2.1.1/gems/actionpack-4.1.1/lib/action_dispatch/middleware/templates/rescues/_source.erb (0.6ms)
  Rendered /Users/jamesjeffers/.rvm/gems/ruby-2.1.1/gems/actionpack-4.1.1/lib/action_dispatch/middleware/templates/rescues/_trace.html.erb (1.2ms)
  Rendered /Users/jamesjeffers/.rvm/gems/ruby-2.1.1/gems/actionpack-4.1.1/lib/action_dispatch/middleware/templates/rescues/_request_and_response.html.erb (9.3ms)
  Rendered /Users/jamesjeffers/.rvm/gems/ruby-2.1.1/gems/actionpack-4.1.1/lib/action_dispatch/middleware/templates/rescues/diagnostics.erb within rescues/layout (24.8ms)


Started GET "/" for 127.0.0.1 at 2014-09-07 11:56:55 -0400
Processing by CharacterGeneratorController#index as HTML
Completed 500 Internal Server Error in 16ms

ActionView::MissingTemplate (Missing template character_generator/index, application/index with {:locale=>[:en], :formats=>[:html], :variants=>[], :handlers=>[:erb, :builder, :raw, :ruby, :jbuilder, :coffee]}. Searched in:
  * "/Users/jamesjeffers/projects/bfrpg/app/views"
):
  actionview (4.1.1) lib/action_view/path_set.rb:46:in `find'
  actionview (4.1.1) lib/action_view/lookup_context.rb:124:in `find'
  actionview (4.1.1) lib/action_view/renderer/abstract_renderer.rb:18:in `find_template'
  actionview (4.1.1) lib/action_view/renderer/template_renderer.rb:41:in `determine_template'
  actionview (4.1.1) lib/action_view/renderer/template_renderer.rb:8:in `render'
  actionview (4.1.1) lib/action_view/renderer/renderer.rb:42:in `render_template'
  actionview (4.1.1) lib/action_view/renderer/renderer.rb:23:in `render'
  actionview (4.1.1) lib/action_view/rendering.rb:99:in `_render_template'
  actionpack (4.1.1) lib/action_controller/metal/streaming.rb:217:in `_render_template'
  actionview (4.1.1) lib/action_view/rendering.rb:82:in `render_to_body'
  actionpack (4.1.1) lib/action_controller/metal/rendering.rb:32:in `render_to_body'
  actionpack (4.1.1) lib/action_controller/metal/renderers.rb:32:in `render_to_body'
  actionpack (4.1.1) lib/abstract_controller/rendering.rb:25:in `render'
  actionpack (4.1.1) lib/action_controller/metal/rendering.rb:16:in `render'
  actionpack (4.1.1) lib/action_controller/metal/instrumentation.rb:41:in `block (2 levels) in render'
  activesupport (4.1.1) lib/active_support/core_ext/benchmark.rb:12:in `block in ms'
  /Users/jamesjeffers/.rvm/rubies/ruby-2.1.1/lib/ruby/2.1.0/benchmark.rb:294:in `realtime'
  activesupport (4.1.1) lib/active_support/core_ext/benchmark.rb:12:in `ms'
  actionpack (4.1.1) lib/action_controller/metal/instrumentation.rb:41:in `block in render'
  actionpack (4.1.1) lib/action_controller/metal/instrumentation.rb:84:in `cleanup_view_runtime'
  activerecord (4.1.1) lib/active_record/railties/controller_runtime.rb:25:in `cleanup_view_runtime'
  actionpack (4.1.1) lib/action_controller/metal/instrumentation.rb:40:in `render'
  actionpack (4.1.1) lib/action_controller/metal/implicit_render.rb:10:in `default_render'
  actionpack (4.1.1) lib/action_controller/metal/implicit_render.rb:5:in `send_action'
  actionpack (4.1.1) lib/abstract_controller/base.rb:189:in `process_action'
  actionpack (4.1.1) lib/action_controller/metal/rendering.rb:10:in `process_action'
  actionpack (4.1.1) lib/abstract_controller/callbacks.rb:20:in `block in process_action'
  activesupport (4.1.1) lib/active_support/callbacks.rb:113:in `call'
  activesupport (4.1.1) lib/active_support/callbacks.rb:113:in `call'
  activesupport (4.1.1) lib/active_support/callbacks.rb:229:in `block in halting'
  activesupport (4.1.1) lib/active_support/callbacks.rb:229:in `call'
  activesupport (4.1.1) lib/active_support/callbacks.rb:229:in `block in halting'
  activesupport (4.1.1) lib/active_support/callbacks.rb:166:in `call'
  activesupport (4.1.1) lib/active_support/callbacks.rb:166:in `block in halting'
  activesupport (4.1.1) lib/active_support/callbacks.rb:166:in `call'
  activesupport (4.1.1) lib/active_support/callbacks.rb:166:in `block in halting'
  activesupport (4.1.1) lib/active_support/callbacks.rb:166:in `call'
  activesupport (4.1.1) lib/active_support/callbacks.rb:166:in `block in halting'
  activesupport (4.1.1) lib/active_support/callbacks.rb:86:in `call'
  activesupport (4.1.1) lib/active_support/callbacks.rb:86:in `run_callbacks'
  actionpack (4.1.1) lib/abstract_controller/callbacks.rb:19:in `process_action'
  actionpack (4.1.1) lib/action_controller/metal/rescue.rb:29:in `process_action'
  actionpack (4.1.1) lib/action_controller/metal/instrumentation.rb:31:in `block in process_action'
  activesupport (4.1.1) lib/active_support/notifications.rb:159:in `block in instrument'
  activesupport (4.1.1) lib/active_support/notifications/instrumenter.rb:20:in `instrument'
  activesupport (4.1.1) lib/active_support/notifications.rb:159:in `instrument'
  actionpack (4.1.1) lib/action_controller/metal/instrumentation.rb:30:in `process_action'
  actionpack (4.1.1) lib/action_controller/metal/params_wrapper.rb:250:in `process_action'
  activerecord (4.1.1) lib/active_record/railties/controller_runtime.rb:18:in `process_action'
  actionpack (4.1.1) lib/abstract_controller/base.rb:136:in `process'
  actionview (4.1.1) lib/action_view/rendering.rb:30:in `process'
  actionpack (4.1.1) lib/action_controller/metal.rb:195:in `dispatch'
  actionpack (4.1.1) lib/action_controller/metal/rack_delegation.rb:13:in `dispatch'
  actionpack (4.1.1) lib/action_controller/metal.rb:231:in `block in action'
  actionpack (4.1.1) lib/action_dispatch/routing/route_set.rb:80:in `call'
  actionpack (4.1.1) lib/action_dispatch/routing/route_set.rb:80:in `dispatch'
  actionpack (4.1.1) lib/action_dispatch/routing/route_set.rb:48:in `call'
  actionpack (4.1.1) lib/action_dispatch/journey/router.rb:71:in `block in call'
  actionpack (4.1.1) lib/action_dispatch/journey/router.rb:59:in `each'
  actionpack (4.1.1) lib/action_dispatch/journey/router.rb:59:in `call'
  actionpack (4.1.1) lib/action_dispatch/routing/route_set.rb:676:in `call'
  rack (1.5.2) lib/rack/etag.rb:23:in `call'
  rack (1.5.2) lib/rack/conditionalget.rb:25:in `call'
  rack (1.5.2) lib/rack/head.rb:11:in `call'
  actionpack (4.1.1) lib/action_dispatch/middleware/params_parser.rb:27:in `call'
  actionpack (4.1.1) lib/action_dispatch/middleware/flash.rb:254:in `call'
  rack (1.5.2) lib/rack/session/abstract/id.rb:225:in `context'
  rack (1.5.2) lib/rack/session/abstract/id.rb:220:in `call'
  actionpack (4.1.1) lib/action_dispatch/middleware/cookies.rb:560:in `call'
  activerecord (4.1.1) lib/active_record/query_cache.rb:36:in `call'
  activerecord (4.1.1) lib/active_record/connection_adapters/abstract/connection_pool.rb:621:in `call'
  activerecord (4.1.1) lib/active_record/migration.rb:380:in `call'
  actionpack (4.1.1) lib/action_dispatch/middleware/callbacks.rb:29:in `block in call'
  activesupport (4.1.1) lib/active_support/callbacks.rb:82:in `run_callbacks'
  actionpack (4.1.1) lib/action_dispatch/middleware/callbacks.rb:27:in `call'
  actionpack (4.1.1) lib/action_dispatch/middleware/reloader.rb:73:in `call'
  actionpack (4.1.1) lib/action_dispatch/middleware/remote_ip.rb:76:in `call'
  actionpack (4.1.1) lib/action_dispatch/middleware/debug_exceptions.rb:17:in `call'
  actionpack (4.1.1) lib/action_dispatch/middleware/show_exceptions.rb:30:in `call'
  railties (4.1.1) lib/rails/rack/logger.rb:38:in `call_app'
  railties (4.1.1) lib/rails/rack/logger.rb:20:in `block in call'
  activesupport (4.1.1) lib/active_support/tagged_logging.rb:68:in `block in tagged'
  activesupport (4.1.1) lib/active_support/tagged_logging.rb:26:in `tagged'
  activesupport (4.1.1) lib/active_support/tagged_logging.rb:68:in `tagged'
  railties (4.1.1) lib/rails/rack/logger.rb:20:in `call'
  actionpack (4.1.1) lib/action_dispatch/middleware/request_id.rb:21:in `call'
  rack (1.5.2) lib/rack/methodoverride.rb:21:in `call'
  rack (1.5.2) lib/rack/runtime.rb:17:in `call'
  activesupport (4.1.1) lib/active_support/cache/strategy/local_cache_middleware.rb:26:in `call'
  rack (1.5.2) lib/rack/lock.rb:17:in `call'
  actionpack (4.1.1) lib/action_dispatch/middleware/static.rb:64:in `call'
  rack (1.5.2) lib/rack/sendfile.rb:112:in `call'
  railties (4.1.1) lib/rails/engine.rb:514:in `call'
  railties (4.1.1) lib/rails/application.rb:144:in `call'
  rack (1.5.2) lib/rack/lock.rb:17:in `call'
  rack (1.5.2) lib/rack/content_length.rb:14:in `call'
  rack (1.5.2) lib/rack/handler/webrick.rb:60:in `service'
  /Users/jamesjeffers/.rvm/rubies/ruby-2.1.1/lib/ruby/2.1.0/webrick/httpserver.rb:138:in `service'
  /Users/jamesjeffers/.rvm/rubies/ruby-2.1.1/lib/ruby/2.1.0/webrick/httpserver.rb:94:in `run'
  /Users/jamesjeffers/.rvm/rubies/ruby-2.1.1/lib/ruby/2.1.0/webrick/server.rb:295:in `block in start_thread'


  Rendered /Users/jamesjeffers/.rvm/gems/ruby-2.1.1/gems/actionpack-4.1.1/lib/action_dispatch/middleware/templates/rescues/missing_template.html.erb within rescues/layout (1.4ms)


Started GET "/" for 127.0.0.1 at 2014-09-07 11:57:49 -0400
Processing by CharacterGeneratorController#index as HTML
  Rendered character_generator/index.html.erb within layouts/application (8.1ms)
Completed 500 Internal Server Error in 12ms

ActionView::Template::Error (undefined method `link_to_remote' for #<#<Class:0x0000010781c1a0>:0x000001078174c0>):
    1: <h1>Basic Fantasy RPG Character Generator</h1>
    2: 
    3: <div class="new_character_link" >
    4:     <%= link_to_remote "Generate a New Character!", 
    5:         :url => { :action => :make_new_character } %>
    6: </div>
  app/views/character_generator/index.html.erb:4:in `_app_views_character_generator_index_html_erb__2135598086590649745_2210442640'


  Rendered /Users/jamesjeffers/.rvm/gems/ruby-2.1.1/gems/actionpack-4.1.1/lib/action_dispatch/middleware/templates/rescues/_trace.html.erb (1.4ms)
  Rendered /Users/jamesjeffers/.rvm/gems/ruby-2.1.1/gems/actionpack-4.1.1/lib/action_dispatch/middleware/templates/rescues/_request_and_response.html.erb (0.9ms)
  Rendered /Users/jamesjeffers/.rvm/gems/ruby-2.1.1/gems/actionpack-4.1.1/lib/action_dispatch/middleware/templates/rescues/template_error.html.erb within rescues/layout (11.8ms)
